[2019-09-14 21:45:04,896][Thread-1:10732][task_id:logging][login.py:11][INFO][qw]
[2019-09-14 21:47:57,696][Thread-1:6340][task_id:logging][login.py:12][INFO][aaa]
[2019-09-14 21:49:28,336][Thread-1:6316][task_id:logging][login.py:12][INFO][aaa]
[2019-09-14 21:54:40,729][Thread-1:9168][task_id:root][login.py:12][INFO][aaa]
[2019-09-14 21:57:35,958][Thread-1:6888][task_id:root][login.py:12][INFO][aaa]
[2019-09-14 21:58:46,571][Thread-1:6888][task_id:root][login.py:12][INFO][aaa]
[2019-09-14 22:19:18,159][Thread-1:1464][login.py:12][CRITICAL][aaa]
[2019-09-14 22:42:59,179][Thread-1:9716][login.py:12][CRITICAL][aaa]
[2019-09-14 22:44:18,147][Thread-1:11028][login.py:12][CRITICAL][aaa]
[2019-09-14 22:49:58,622][Thread-1:2024][login.py:hello_world:12][CRITICAL][aaa]
[2019-09-14 22:51:02,867][Thread-1:8512][login.py:hello_world:12][CRITICAL][aaa]
[2019-09-14 23:03:39,205][Thread-1:7964][login.py:hello_world:12][CRITICAL][aaa]
[2019-09-14 23:03:41,061][Thread-1:7964][login.py:hello_world:12][CRITICAL][aaa]
[2019-09-14 23:04:46,528][Thread-1:11172][login.py:hello_world:12][CRITICAL][a1aa]
[2019-09-21 18:10:05,376][Thread-1:139749116245760][login.py:hello_world:11][CRITICAL][a1aa]
[2019-09-28 18:23:47,204][Thread-1:139761012578048][login.py:member_register:22][INFO][<apps.member_center.forms.AdminUser.AdminUserForm object at 0x7f1ca585a940>]
[2019-09-28 18:25:18,886][Thread-6:139649310783232][login.py:member_register:22][INFO][<apps.member_center.forms.AdminUser.AdminUserForm object at 0x7f02a3928048>]
[2019-09-28 18:26:34,294][Thread-1:140374125418240][login.py:member_register:22][INFO][<apps.member_center.forms.AdminUser.AdminUserForm object at 0x7fab65e51908>]
[2019-09-28 18:27:53,319][Thread-1:140401059751680][login.py:member_register:22][INFO][<apps.member_center.forms.AdminUser.AdminUserForm object at 0x7fb1ab4e5828>]
[2019-09-28 18:27:55,654][Thread-1:140401059751680][login.py:member_register:22][INFO][<apps.member_center.forms.AdminUser.AdminUserForm object at 0x7fb1aac980f0>]
[2019-09-28 18:27:59,147][Thread-1:140401059751680][login.py:member_register:22][INFO][<apps.member_center.forms.AdminUser.AdminUserForm object at 0x7fb1ab4e59b0>]
[2019-09-28 18:28:00,759][Thread-1:140401059751680][login.py:member_register:22][INFO][<apps.member_center.forms.AdminUser.AdminUserForm object at 0x7fb1aac98a20>]
[2019-09-29 22:25:44,933][Thread-1:140151282620160][login.py:member_register:22][INFO][<apps.member_center.forms.AdminUser.AdminUserForm object at 0x7f7782b73b00>]
[2019-09-29 22:26:32,564][Thread-1:140123430741760][login.py:member_register:23][INFO][<apps.member_center.forms.AdminUser.AdminUserForm object at 0x7f710753d908>]
[2019-09-29 22:27:34,424][Thread-1:139686895961856][login.py:member_register:23][INFO][<apps.member_center.forms.AdminUser.AdminUserForm object at 0x7f0b63d3cbe0>]
[2019-09-29 22:28:12,083][Thread-1:139828393268992][login.py:member_register:23][INFO][<apps.member_center.forms.AdminUser.AdminUserForm object at 0x7f2c55b95978>]
[2019-09-29 22:28:20,522][Thread-1:139676499756800][login.py:member_register:23][INFO][<apps.member_center.forms.AdminUser.AdminUserForm object at 0x7f08f82a4b70>]
[2019-09-29 22:29:31,926][Thread-1:139630597641984][login.py:member_register:23][INFO][<apps.member_center.forms.AdminUser.AdminUserForm object at 0x7efe482f9940>]
[2019-09-29 22:29:55,664][Thread-1:140373848528640][login.py:member_register:23][INFO][<apps.member_center.forms.AdminUser.AdminUserForm object at 0x7fab55641908>]
[2019-09-29 22:30:07,021][Thread-1:139966280603392][login.py:member_register:23][INFO][<apps.member_center.forms.AdminUser.AdminUserForm object at 0x7f4c70731b38>]
[2019-09-29 22:30:56,346][Thread-1:140339875194624][login.py:member_register:23][INFO][<apps.member_center.forms.AdminUser.AdminUserForm object at 0x7fa36c6c2908>]
[2019-09-29 22:31:23,678][Thread-1:140415245539072][login.py:member_register:23][INFO][<apps.member_center.forms.AdminUser.AdminUserForm object at 0x7fb4f8d85908>]
[2019-09-29 22:33:10,031][Thread-1:139954436269824][login.py:member_register:23][INFO][<apps.member_center.forms.AdminUser.AdminUserForm object at 0x7f49ae78e940>]
[2019-09-29 22:33:18,361][Thread-1:140091841156864][login.py:member_register:23][INFO][<apps.member_center.forms.AdminUser.AdminUserForm object at 0x7f69ac711ac8>]
[2019-09-29 22:33:26,265][Thread-1:140091841156864][login.py:member_register:23][INFO][<apps.member_center.forms.AdminUser.AdminUserForm object at 0x7f69abeb54a8>]
[2019-09-29 22:36:01,658][Thread-1:140622017300224][login.py:member_register:23][INFO][<apps.member_center.forms.AdminUser.AdminUserForm object at 0x7fe51d670940>]
[2019-09-29 22:36:10,902][Thread-1:140289262929664][login.py:member_register:23][INFO][<apps.member_center.forms.AdminUser.AdminUserForm object at 0x7f97a3b248d0>]
[2019-09-29 22:40:15,303][Thread-1:140010165004032][login.py:member_register:23][INFO][<apps.member_center.forms.AdminUser.AdminUserForm object at 0x7f56a829e978>]
[2019-09-29 22:43:26,477][Thread-1:140295402821376][login.py:member_register:23][INFO][<apps.member_center.forms.AdminUser.AdminUserForm object at 0x7f9911a99908>]
[2019-09-29 22:55:30,999][Thread-1:139925154207488][login.py:member_register:21][INFO][<apps.member_center.forms.AdminUser.AdminUserForm object at 0x7f42dd201908>]
[2019-09-29 22:56:51,084][Thread-1:139647809599232][login.py:member_register:21][INFO][<apps.member_center.forms.AdminUser.AdminUserForm object at 0x7f024a193940>]
[2019-09-29 22:57:26,286][Thread-1:140455719868160][login.py:member_register:21][INFO][<apps.member_center.forms.AdminUser.AdminUserForm object at 0x7fbe654d9898>]
[2019-09-29 23:00:33,403][Thread-1:140615576286976][login.py:member_register:21][INFO][<apps.member_center.forms.AdminUser.AdminUserForm object at 0x7fe39d7cf8d0>]
[2019-09-29 23:00:51,313][Thread-1:140487511213824][login.py:member_register:21][INFO][<apps.member_center.forms.AdminUser.AdminUserForm object at 0x7fc5cc370898>]
[2019-09-29 23:01:31,783][Thread-1:139690164070144][login.py:member_register:21][INFO][<apps.member_center.forms.AdminUser.AdminUserForm object at 0x7f0c269f2898>]
[2019-09-29 23:02:02,464][Thread-1:140697739699968][login.py:member_register:21][INFO][<apps.member_center.forms.AdminUser.AdminUserForm object at 0x7ff6becf1908>]
[2019-09-29 23:02:50,066][Thread-1:140376939312896][login.py:member_register:21][INFO][<apps.member_center.forms.AdminUser.AdminUserForm object at 0x7fac0d9db978>]
[2019-09-29 23:03:06,099][Thread-1:139893051037440][login.py:member_register:21][INFO][<apps.member_center.forms.AdminUser.AdminUserForm object at 0x7f3b63a09860>]
[2019-09-29 23:05:58,467][Thread-1:140076894889728][login.py:member_register:21][INFO][<apps.member_center.forms.AdminUser.AdminUserForm object at 0x7f66319338d0>]
[2019-09-29 23:10:10,367][Thread-1:140063244207872][login.py:member_register:21][INFO][<apps.member_center.forms.AdminUser.AdminUserForm object at 0x7f6303ee5940>]
[2019-09-29 23:11:19,765][Thread-1:140543467194112][login.py:member_register:21][INFO][<apps.member_center.forms.AdminUser.AdminUserForm object at 0x7fd2d37398d0>]
[2019-09-29 23:12:20,250][Thread-1:139957920667392][login.py:member_register:21][INFO][<apps.member_center.forms.AdminUser.AdminUserForm object at 0x7f4a7e28a940>]
[2019-09-29 23:12:41,210][Thread-1:139962501109504][login.py:member_register:21][INFO][<apps.member_center.forms.AdminUser.AdminUserForm object at 0x7f4b8f2ca7f0>]
[2019-09-29 23:14:26,543][Thread-1:140118911092480][login.py:member_register:21][INFO][<apps.member_center.forms.AdminUser.AdminUserForm object at 0x7f6ff9ef9898>]
[2019-09-29 23:15:19,774][Thread-1:140151255312128][login.py:member_register:21][INFO][<apps.member_center.forms.AdminUser.AdminUserForm object at 0x7f7781cd3908>]
[2019-09-29 23:15:34,603][Thread-1:139950207809280][login.py:member_register:21][INFO][<apps.member_center.forms.AdminUser.AdminUserForm object at 0x7f48b26fc9e8>]
[2019-09-29 23:16:22,784][Thread-1:140287142938368][login.py:member_register:21][INFO][<apps.member_center.forms.AdminUser.AdminUserForm object at 0x7f972555d908>]
[2019-09-29 23:16:42,124][Thread-1:140331139512064][login.py:member_register:21][INFO][<apps.member_center.forms.AdminUser.AdminUserForm object at 0x7fa163bc49b0>]
[2019-09-29 23:17:07,317][Thread-1:139816712464128][login.py:member_register:21][INFO][<apps.member_center.forms.AdminUser.AdminUserForm object at 0x7f299d7e7940>]
[2019-09-29 23:17:41,714][Thread-1:140603375421184][login.py:member_register:21][INFO][<apps.member_center.forms.AdminUser.AdminUserForm object at 0x7fe0c6429940>]
[2019-09-29 23:17:55,361][Thread-1:140715147474688][login.py:member_register:21][INFO][<apps.member_center.forms.AdminUser.AdminUserForm object at 0x7ffacc64c940>]
[2019-09-29 23:18:44,456][Thread-1:139682696787712][login.py:member_register:21][INFO][<apps.member_center.forms.AdminUser.AdminUserForm object at 0x7f0a69898908>]
[2019-09-29 23:19:21,467][Thread-1:140224612091648][login.py:member_register:21][INFO][<apps.member_center.forms.AdminUser.AdminUserForm object at 0x7f889634d940>]
[2019-09-29 23:19:29,583][Thread-1:139638624220928][login.py:member_register:21][INFO][<apps.member_center.forms.AdminUser.AdminUserForm object at 0x7f00269b8898>]
[2019-09-29 23:19:45,321][Thread-1:140471959222016][login.py:member_register:21][INFO][<apps.member_center.forms.AdminUser.AdminUserForm object at 0x7fc22d3e8908>]
[2019-09-29 23:20:07,996][Thread-1:139820668163840][login.py:member_register:21][INFO][<apps.member_center.forms.AdminUser.AdminUserForm object at 0x7f2a8945a828>]
[2019-09-29 23:20:57,749][MainThread:140668557801280][login.py:member_register:21][INFO][<apps.member_center.forms.AdminUser.AdminUserForm object at 0x7fefed928518>]
[2019-09-29 23:22:44,764][MainThread:140668557801280][login.py:member_register:21][INFO][<apps.member_center.forms.AdminUser.AdminUserForm object at 0x7fefed90ab00>]
[2019-09-29 23:22:57,863][MainThread:139819895908160][login.py:member_register:21][INFO][<apps.member_center.forms.AdminUser.AdminUserForm object at 0x7f2a5561c6a0>]
[2019-09-29 23:24:34,399][MainThread:140033841911616][login.py:member_register:21][INFO][<apps.member_center.forms.AdminUser.AdminUserForm object at 0x7f5c258eb6a0>]
[2019-09-29 23:24:53,472][MainThread:140620187883328][login.py:member_register:21][INFO][<apps.member_center.forms.AdminUser.AdminUserForm object at 0x7fe4aa8026a0>]
[2019-09-29 23:25:05,096][MainThread:140539352418112][login.py:member_register:21][INFO][<apps.member_center.forms.AdminUser.AdminUserForm object at 0x7fd1d854e710>]
[2019-09-29 23:25:51,290][MainThread:140114706204480][login.py:member_register:21][INFO][<apps.member_center.forms.AdminUser.AdminUserForm object at 0x7f6ef971e6a0>]
[2019-09-29 23:26:06,516][MainThread:140062167279424][login.py:member_register:21][INFO][<apps.member_center.forms.AdminUser.AdminUserForm object at 0x7f62bde186a0>]
[2019-09-29 23:26:26,437][MainThread:140576291391296][login.py:member_register:21][INFO][<apps.member_center.forms.AdminUser.AdminUserForm object at 0x7fda7210cf98>]
[2019-09-29 23:27:50,416][MainThread:140197133465408][login.py:member_register:21][INFO][<apps.member_center.forms.AdminUser.AdminUserForm object at 0x7f822a7e1748>]
[2019-09-29 23:28:12,279][MainThread:139721254008640][login.py:member_register:21][INFO][<apps.member_center.forms.AdminUser.AdminUserForm object at 0x7f135dddc748>]
[2019-09-29 23:30:38,486][MainThread:139721254008640][login.py:member_register:21][INFO][<apps.member_center.forms.AdminUser.AdminUserForm object at 0x7f135d8b80f0>]
[2019-09-29 23:34:11,775][MainThread:139757828343616][login.py:member_register:21][INFO][<apps.member_center.forms.AdminUser.AdminUserForm object at 0x7f1be1dde748>]
[2019-09-29 23:35:07,690][MainThread:139865302685504][login.py:member_register:21][INFO][<apps.member_center.forms.AdminUser.AdminUserForm object at 0x7f34e7d62748>]
[2019-09-29 23:37:12,691][MainThread:140196795270976][login.py:member_register:21][INFO][<apps.member_center.forms.AdminUser.AdminUserForm object at 0x7f821655af98>]
[2019-09-29 23:37:14,516][MainThread:140196795270976][login.py:member_register:21][INFO][<apps.member_center.forms.AdminUser.AdminUserForm object at 0x7f82160ba080>]
[2019-09-29 23:39:04,181][MainThread:139982047377216][login.py:member_register:21][INFO][<apps.member_center.forms.AdminUser.AdminUserForm object at 0x7f50165cd588>]
[2019-09-29 23:39:50,034][MainThread:140388699371328][login.py:member_register:21][INFO][<apps.member_center.forms.AdminUser.AdminUserForm object at 0x7faec4b5d710>]
[2019-09-29 23:40:42,235][MainThread:140228934313792][login.py:member_register:21][INFO][<apps.member_center.forms.AdminUser.AdminUserForm object at 0x7f8991f88710>]
[2019-09-29 23:43:16,598][MainThread:140081997190976][login.py:member_register:21][INFO][<apps.member_center.forms.AdminUser.AdminUserForm object at 0x7f675bd5e748>]
[2019-09-29 23:45:25,835][MainThread:139948500514624][login.py:member_register:21][INFO][<apps.member_center.forms.AdminUser.AdminUserForm object at 0x7f4846d05f60>]
[2019-09-29 23:46:43,985][MainThread:140666729555776][login.py:member_register:21][INFO][<apps.member_center.forms.AdminUser.AdminUserForm object at 0x7fef809a2668>]
[2019-09-29 23:47:20,986][MainThread:140261991569216][login.py:member_register:21][INFO][<apps.member_center.forms.AdminUser.AdminUserForm object at 0x7f91445636d8>]
[2019-09-29 23:48:23,447][MainThread:140042503911232][login.py:member_register:21][INFO][<apps.member_center.forms.AdminUser.AdminUserForm object at 0x7f5e29da5fd0>]
[2019-09-29 23:56:49,463][Thread-1:140313846785792][login.py:member_register:21][INFO][<apps.member_center.forms.AdminUser.AdminUserForm object at 0x7f9d5d023940>]
[2019-09-29 23:58:26,322][Thread-1:140714284406528][login.py:member_register:21][INFO][<apps.member_center.forms.AdminUser.AdminUserForm object at 0x7ffa98f36940>]
